<?xml version="1.0" encoding="UTF-8"?>
<coverage generated="1590285059640" clover="3.2.0">
  <project timestamp="1590285059640" name="All files">
    <metrics statements="51" coveredstatements="51" conditionals="20" coveredconditionals="20" methods="7" coveredmethods="7" elements="78" coveredelements="78" complexity="0" loc="51" ncloc="51" packages="1" files="1" classes="1"/>
    <file name="hard-mode.js" path="D:\tic-tac-toe\js\hard-mode.js">
      <metrics statements="51" coveredstatements="51" conditionals="20" coveredconditionals="20" methods="7" coveredmethods="7"/>
      <line num="6" count="1" type="stmt"/>
      <line num="7" count="1" type="stmt"/>
      <line num="8" count="1" type="stmt"/>
      <line num="9" count="1" type="stmt"/>
      <line num="20" count="1" type="stmt"/>
      <line num="26" count="1" type="stmt"/>
      <line num="27" count="9" type="stmt"/>
      <line num="28" count="57" type="stmt"/>
      <line num="30" count="9" type="stmt"/>
      <line num="31" count="9" type="stmt"/>
      <line num="32" count="55" type="stmt"/>
      <line num="35" count="55" type="stmt"/>
      <line num="36" count="55" type="stmt"/>
      <line num="37" count="165" type="stmt"/>
      <line num="38" count="165" type="cond" truecount="2" falsecount="0"/>
      <line num="39" count="111" type="cond" truecount="2" falsecount="0"/>
      <line num="40" count="63" type="stmt"/>
      <line num="42" count="48" type="stmt"/>
      <line num="44" count="54" type="stmt"/>
      <line num="45" count="54" type="cond" truecount="2" falsecount="0"/>
      <line num="46" count="24" type="stmt"/>
      <line num="47" count="24" type="stmt"/>
      <line num="49" count="54" type="cond" truecount="2" falsecount="0"/>
      <line num="50" count="32" type="stmt"/>
      <line num="51" count="32" type="stmt"/>
      <line num="52" count="22" type="cond" truecount="2" falsecount="0"/>
      <line num="53" count="9" type="stmt"/>
      <line num="57" count="55" type="cond" truecount="4" falsecount="0"/>
      <line num="58" count="3" type="stmt"/>
      <line num="60" count="52" type="stmt"/>
      <line num="71" count="1" type="stmt"/>
      <line num="72" count="4" type="stmt"/>
      <line num="73" count="4" type="cond" truecount="2" falsecount="0"/>
      <line num="74" count="1" type="stmt"/>
      <line num="77" count="3" type="stmt"/>
      <line num="78" count="3" type="cond" truecount="2" falsecount="0"/>
      <line num="79" count="1" type="stmt"/>
      <line num="82" count="2" type="stmt"/>
      <line num="83" count="8" type="stmt"/>
      <line num="85" count="2" type="stmt"/>
      <line num="86" count="2" type="cond" truecount="2" falsecount="0"/>
      <line num="87" count="1" type="stmt"/>
      <line num="90" count="1" type="stmt"/>
      <line num="93" count="1" type="stmt"/>
      <line num="94" count="3" type="stmt"/>
      <line num="97" count="1" type="stmt"/>
      <line num="98" count="3" type="stmt"/>
      <line num="99" count="3" type="stmt"/>
      <line num="100" count="3" type="stmt"/>
      <line num="103" count="1" type="stmt"/>
      <line num="104" count="1" type="stmt"/>
    </file>
  </project>
</coverage>
