{"D:\\tic-tac-toe\\js\\hard-mode.js": {"path":"D:\\tic-tac-toe\\js\\hard-mode.js","statementMap":{"0":{"start":{"line":6,"column":15},"end":{"line":6,"column":17}},"1":{"start":{"line":7,"column":0},"end":{"line":105,"column":5}},"2":{"start":{"line":8,"column":28},"end":{"line":8,"column":38}},"3":{"start":{"line":9,"column":31},"end":{"line":18,"column":4}},"4":{"start":{"line":20,"column":3},"end":{"line":20,"column":30}},"5":{"start":{"line":26,"column":4},"end":{"line":62,"column":6}},"6":{"start":{"line":27,"column":23},"end":{"line":29,"column":10}},"7":{"start":{"line":28,"column":12},"end":{"line":28,"column":33}},"8":{"start":{"line":30,"column":25},"end":{"line":30,"column":27}},"9":{"start":{"line":31,"column":8},"end":{"line":61,"column":9}},"10":{"start":{"line":31,"column":21},"end":{"line":31,"column":22}},"11":{"start":{"line":32,"column":32},"end":{"line":32,"column":33}},"12":{"start":{"line":35,"column":37},"end":{"line":35,"column":60}},"13":{"start":{"line":36,"column":12},"end":{"line":56,"column":13}},"14":{"start":{"line":36,"column":25},"end":{"line":36,"column":26}},"15":{"start":{"line":37,"column":30},"end":{"line":37,"column":51}},"16":{"start":{"line":38,"column":16},"end":{"line":55,"column":17}},"17":{"start":{"line":39,"column":20},"end":{"line":41,"column":21}},"18":{"start":{"line":40,"column":24},"end":{"line":40,"column":33}},"19":{"start":{"line":42,"column":20},"end":{"line":42,"column":48}},"20":{"start":{"line":44,"column":42},"end":{"line":44,"column":61}},"21":{"start":{"line":45,"column":20},"end":{"line":48,"column":21}},"22":{"start":{"line":46,"column":24},"end":{"line":46,"column":85}},"23":{"start":{"line":47,"column":24},"end":{"line":47,"column":62}},"24":{"start":{"line":49,"column":20},"end":{"line":54,"column":21}},"25":{"start":{"line":50,"column":24},"end":{"line":50,"column":57}},"26":{"start":{"line":51,"column":24},"end":{"line":51,"column":42}},"27":{"start":{"line":52,"column":27},"end":{"line":54,"column":21}},"28":{"start":{"line":53,"column":24},"end":{"line":53,"column":42}},"29":{"start":{"line":57,"column":12},"end":{"line":59,"column":13}},"30":{"start":{"line":58,"column":16},"end":{"line":58,"column":41}},"31":{"start":{"line":60,"column":12},"end":{"line":60,"column":37}},"32":{"start":{"line":71,"column":4},"end":{"line":91,"column":6}},"33":{"start":{"line":72,"column":24},"end":{"line":72,"column":47}},"34":{"start":{"line":73,"column":8},"end":{"line":75,"column":9}},"35":{"start":{"line":74,"column":12},"end":{"line":74,"column":54}},"36":{"start":{"line":77,"column":26},"end":{"line":77,"column":58}},"37":{"start":{"line":78,"column":8},"end":{"line":80,"column":9}},"38":{"start":{"line":79,"column":12},"end":{"line":79,"column":31}},"39":{"start":{"line":82,"column":35},"end":{"line":84,"column":10}},"40":{"start":{"line":83,"column":12},"end":{"line":83,"column":54}},"41":{"start":{"line":85,"column":26},"end":{"line":85,"column":81}},"42":{"start":{"line":86,"column":8},"end":{"line":88,"column":9}},"43":{"start":{"line":87,"column":12},"end":{"line":87,"column":31}},"44":{"start":{"line":90,"column":8},"end":{"line":90,"column":63}},"45":{"start":{"line":93,"column":4},"end":{"line":95,"column":6}},"46":{"start":{"line":94,"column":8},"end":{"line":94,"column":77}},"47":{"start":{"line":97,"column":4},"end":{"line":101,"column":6}},"48":{"start":{"line":98,"column":8},"end":{"line":98,"column":49}},"49":{"start":{"line":99,"column":8},"end":{"line":99,"column":49}},"50":{"start":{"line":100,"column":8},"end":{"line":100,"column":80}},"51":{"start":{"line":103,"column":4},"end":{"line":103,"column":95}},"52":{"start":{"line":104,"column":4},"end":{"line":104,"column":30}}},"fnMap":{"0":{"name":"(anonymous_0)","decl":{"start":{"line":7,"column":1},"end":{"line":7,"column":2}},"loc":{"start":{"line":7,"column":12},"end":{"line":105,"column":1}},"line":7},"1":{"name":"(anonymous_1)","decl":{"start":{"line":26,"column":28},"end":{"line":26,"column":29}},"loc":{"start":{"line":26,"column":39},"end":{"line":62,"column":5}},"line":26},"2":{"name":"(anonymous_2)","decl":{"start":{"line":27,"column":90},"end":{"line":27,"column":91}},"loc":{"start":{"line":27,"column":111},"end":{"line":29,"column":9}},"line":27},"3":{"name":"(anonymous_3)","decl":{"start":{"line":71,"column":28},"end":{"line":71,"column":29}},"loc":{"start":{"line":71,"column":39},"end":{"line":91,"column":5}},"line":71},"4":{"name":"(anonymous_4)","decl":{"start":{"line":82,"column":76},"end":{"line":82,"column":77}},"loc":{"start":{"line":82,"column":89},"end":{"line":84,"column":9}},"line":82},"5":{"name":"(anonymous_5)","decl":{"start":{"line":93,"column":46},"end":{"line":93,"column":47}},"loc":{"start":{"line":93,"column":57},"end":{"line":95,"column":5}},"line":93},"6":{"name":"(anonymous_6)","decl":{"start":{"line":97,"column":29},"end":{"line":97,"column":30}},"loc":{"start":{"line":97,"column":45},"end":{"line":101,"column":5}},"line":97}},"branchMap":{"0":{"loc":{"start":{"line":38,"column":16},"end":{"line":55,"column":17}},"type":"if","locations":[{"start":{"line":38,"column":16},"end":{"line":55,"column":17}},{"start":{"line":38,"column":16},"end":{"line":55,"column":17}}],"line":38},"1":{"loc":{"start":{"line":39,"column":20},"end":{"line":41,"column":21}},"type":"if","locations":[{"start":{"line":39,"column":20},"end":{"line":41,"column":21}},{"start":{"line":39,"column":20},"end":{"line":41,"column":21}}],"line":39},"2":{"loc":{"start":{"line":45,"column":20},"end":{"line":48,"column":21}},"type":"if","locations":[{"start":{"line":45,"column":20},"end":{"line":48,"column":21}},{"start":{"line":45,"column":20},"end":{"line":48,"column":21}}],"line":45},"3":{"loc":{"start":{"line":49,"column":20},"end":{"line":54,"column":21}},"type":"if","locations":[{"start":{"line":49,"column":20},"end":{"line":54,"column":21}},{"start":{"line":49,"column":20},"end":{"line":54,"column":21}}],"line":49},"4":{"loc":{"start":{"line":52,"column":27},"end":{"line":54,"column":21}},"type":"if","locations":[{"start":{"line":52,"column":27},"end":{"line":54,"column":21}},{"start":{"line":52,"column":27},"end":{"line":54,"column":21}}],"line":52},"5":{"loc":{"start":{"line":57,"column":12},"end":{"line":59,"column":13}},"type":"if","locations":[{"start":{"line":57,"column":12},"end":{"line":59,"column":13}},{"start":{"line":57,"column":12},"end":{"line":59,"column":13}}],"line":57},"6":{"loc":{"start":{"line":57,"column":16},"end":{"line":57,"column":56}},"type":"binary-expr","locations":[{"start":{"line":57,"column":16},"end":{"line":57,"column":35}},{"start":{"line":57,"column":39},"end":{"line":57,"column":56}}],"line":57},"7":{"loc":{"start":{"line":73,"column":8},"end":{"line":75,"column":9}},"type":"if","locations":[{"start":{"line":73,"column":8},"end":{"line":75,"column":9}},{"start":{"line":73,"column":8},"end":{"line":75,"column":9}}],"line":73},"8":{"loc":{"start":{"line":78,"column":8},"end":{"line":80,"column":9}},"type":"if","locations":[{"start":{"line":78,"column":8},"end":{"line":80,"column":9}},{"start":{"line":78,"column":8},"end":{"line":80,"column":9}}],"line":78},"9":{"loc":{"start":{"line":86,"column":8},"end":{"line":88,"column":9}},"type":"if","locations":[{"start":{"line":86,"column":8},"end":{"line":88,"column":9}},{"start":{"line":86,"column":8},"end":{"line":88,"column":9}}],"line":86}},"s":{"0":1,"1":1,"2":1,"3":1,"4":1,"5":1,"6":9,"7":57,"8":9,"9":9,"10":9,"11":55,"12":55,"13":55,"14":55,"15":165,"16":165,"17":111,"18":63,"19":48,"20":54,"21":54,"22":24,"23":24,"24":54,"25":32,"26":32,"27":22,"28":9,"29":55,"30":3,"31":52,"32":1,"33":4,"34":4,"35":1,"36":3,"37":3,"38":1,"39":2,"40":8,"41":2,"42":2,"43":1,"44":1,"45":1,"46":3,"47":1,"48":3,"49":3,"50":3,"51":1,"52":1},"f":{"0":1,"1":9,"2":57,"3":4,"4":8,"5":3,"6":3},"b":{"0":[111,54],"1":[63,48],"2":[24,30],"3":[32,22],"4":[9,13],"5":[3,52],"6":[55,9],"7":[1,3],"8":[1,2],"9":[1,1]},"_coverageSchema":"1a1c01bbd47fc00a2c39e90264f33305004495a9","hash":"98811ac5202ae5183856b885f3b251d17b6471ff"}
}
