TN:
SF:js\hard-mode.js
FN:7,(anonymous_0)
FN:26,(anonymous_1)
FN:27,(anonymous_2)
FN:71,(anonymous_3)
FN:82,(anonymous_4)
FN:93,(anonymous_5)
FN:97,(anonymous_6)
FNF:7
FNH:7
FNDA:1,(anonymous_0)
FNDA:9,(anonymous_1)
FNDA:57,(anonymous_2)
FNDA:4,(anonymous_3)
FNDA:8,(anonymous_4)
FNDA:3,(anonymous_5)
FNDA:3,(anonymous_6)
DA:6,1
DA:7,1
DA:8,1
DA:9,1
DA:20,1
DA:26,1
DA:27,9
DA:28,57
DA:30,9
DA:31,9
DA:32,55
DA:35,55
DA:36,55
DA:37,165
DA:38,165
DA:39,111
DA:40,63
DA:42,48
DA:44,54
DA:45,54
DA:46,24
DA:47,24
DA:49,54
DA:50,32
DA:51,32
DA:52,22
DA:53,9
DA:57,55
DA:58,3
DA:60,52
DA:71,1
DA:72,4
DA:73,4
DA:74,1
DA:77,3
DA:78,3
DA:79,1
DA:82,2
DA:83,8
DA:85,2
DA:86,2
DA:87,1
DA:90,1
DA:93,1
DA:94,3
DA:97,1
DA:98,3
DA:99,3
DA:100,3
DA:103,1
DA:104,1
LF:51
LH:51
BRDA:38,0,0,111
BRDA:38,0,1,54
BRDA:39,1,0,63
BRDA:39,1,1,48
BRDA:45,2,0,24
BRDA:45,2,1,30
BRDA:49,3,0,32
BRDA:49,3,1,22
BRDA:52,4,0,9
BRDA:52,4,1,13
BRDA:57,5,0,3
BRDA:57,5,1,52
BRDA:57,6,0,55
BRDA:57,6,1,9
BRDA:73,7,0,1
BRDA:73,7,1,3
BRDA:78,8,0,1
BRDA:78,8,1,2
BRDA:86,9,0,1
BRDA:86,9,1,1
BRF:20
BRH:20
end_of_record
